* Verifying dashboard health ...
* Launching proxy ...
* Verifying proxy health ...
http://127.0.0.1:33655/api/v1/namespaces/kubernetes-dashboard/services/http:kubernetes-dashboard:/proxy/
E1203 11:43:17.274713  149346 cert_rotation.go:171] "Unhandled Error" err="key failed with : open /root/.minikube/profiles/minikube/client.crt: no such file or directory" logger="UnhandledError"
E1203 11:43:17.284300  149346 cert_rotation.go:171] "Unhandled Error" err="key failed with : open /root/.minikube/profiles/minikube/client.crt: no such file or directory" logger="UnhandledError"
E1203 11:43:17.298401  149346 cert_rotation.go:171] "Unhandled Error" err="key failed with : open /root/.minikube/profiles/minikube/client.crt: no such file or directory" logger="UnhandledError"
E1203 11:43:17.322381  149346 cert_rotation.go:171] "Unhandled Error" err="key failed with : open /root/.minikube/profiles/minikube/client.crt: no such file or directory" logger="UnhandledError"
E1203 11:43:17.366192  149346 cert_rotation.go:171] "Unhandled Error" err="key failed with : open /root/.minikube/profiles/minikube/client.crt: no such file or directory" logger="UnhandledError"
E1203 11:43:17.449611  149346 cert_rotation.go:171] "Unhandled Error" err="key failed with : open /root/.minikube/profiles/minikube/client.crt: no such file or directory" logger="UnhandledError"
E1203 11:43:17.613019  149346 cert_rotation.go:171] "Unhandled Error" err="key failed with : open /root/.minikube/profiles/minikube/client.crt: no such file or directory" logger="UnhandledError"
E1203 11:43:17.935247  149346 cert_rotation.go:171] "Unhandled Error" err="key failed with : open /root/.minikube/profiles/minikube/client.crt: no such file or directory" logger="UnhandledError"
E1203 11:43:18.577603  149346 cert_rotation.go:171] "Unhandled Error" err="key failed with : open /root/.minikube/profiles/minikube/client.crt: no such file or directory" logger="UnhandledError"
E1203 11:43:19.861131  149346 cert_rotation.go:171] "Unhandled Error" err="key failed with : open /root/.minikube/profiles/minikube/client.crt: no such file or directory" logger="UnhandledError"
E1203 11:43:22.423497  149346 cert_rotation.go:171] "Unhandled Error" err="key failed with : open /root/.minikube/profiles/minikube/client.crt: no such file or directory" logger="UnhandledError"
E1203 11:43:27.549880  149346 cert_rotation.go:171] "Unhandled Error" err="key failed with : open /root/.minikube/profiles/minikube/client.crt: no such file or directory" logger="UnhandledError"
E1203 11:43:37.793311  149346 cert_rotation.go:171] "Unhandled Error" err="key failed with : open /root/.minikube/profiles/minikube/client.crt: no such file or directory" logger="UnhandledError"
E1203 11:43:58.276659  149346 cert_rotation.go:171] "Unhandled Error" err="key failed with : open /root/.minikube/profiles/minikube/client.crt: no such file or directory" logger="UnhandledError"
E1203 11:44:39.239959  149346 cert_rotation.go:171] "Unhandled Error" err="key failed with : open /root/.minikube/profiles/minikube/client.crt: no such file or directory" logger="UnhandledError"
E1203 11:46:01.166528  149346 cert_rotation.go:171] "Unhandled Error" err="key failed with : open /root/.minikube/profiles/minikube/client.crt: no such file or directory" logger="UnhandledError"
E1203 11:48:17.269789  149346 cert_rotation.go:171] "Unhandled Error" err="key failed with : open /root/.minikube/profiles/minikube/client.crt: no such file or directory" logger="UnhandledError"
E1203 11:48:45.012364  149346 cert_rotation.go:171] "Unhandled Error" err="key failed with : open /root/.minikube/profiles/minikube/client.crt: no such file or directory" logger="UnhandledError"
E1203 11:53:17.269618  149346 cert_rotation.go:171] "Unhandled Error" err="key failed with : open /root/.minikube/profiles/minikube/client.crt: no such file or directory" logger="UnhandledError"
E1203 11:58:17.288030  149346 cert_rotation.go:171] "Unhandled Error" err="key failed with : open /root/.minikube/profiles/minikube/client.crt: no such file or directory" logger="UnhandledError"
E1203 11:59:40.378100  149346 cert_rotation.go:171] "Unhandled Error" err="key failed with : open /root/.minikube/profiles/minikube/client.crt: no such file or directory" logger="UnhandledError"
E1203 12:03:17.269429  149346 cert_rotation.go:171] "Unhandled Error" err="key failed with : open /root/.minikube/profiles/minikube/client.crt: no such file or directory" logger="UnhandledError"
E1203 12:08:17.269247  149346 cert_rotation.go:171] "Unhandled Error" err="key failed with : open /root/.minikube/profiles/minikube/client.crt: no such file or directory" logger="UnhandledError"
E1203 14:03:17.269261  149346 cert_rotation.go:171] "Unhandled Error" err="key failed with : open /root/.minikube/profiles/minikube/client.crt: no such file or directory" logger="UnhandledError"
E1203 14:03:17.278858  149346 cert_rotation.go:171] "Unhandled Error" err="key failed with : open /root/.minikube/profiles/minikube/client.crt: no such file or directory" logger="UnhandledError"
E1203 14:03:17.293464  149346 cert_rotation.go:171] "Unhandled Error" err="key failed with : open /root/.minikube/profiles/minikube/client.crt: no such file or directory" logger="UnhandledError"
E1203 14:03:17.318423  149346 cert_rotation.go:171] "Unhandled Error" err="key failed with : open /root/.minikube/profiles/minikube/client.crt: no such file or directory" logger="UnhandledError"
E1203 14:03:17.361326  149346 cert_rotation.go:171] "Unhandled Error" err="key failed with : open /root/.minikube/profiles/minikube/client.crt: no such file or directory" logger="UnhandledError"
E1203 14:03:17.444570  149346 cert_rotation.go:171] "Unhandled Error" err="key failed with : open /root/.minikube/profiles/minikube/client.crt: no such file or directory" logger="UnhandledError"
E1203 14:03:17.607987  149346 cert_rotation.go:171] "Unhandled Error" err="key failed with : open /root/.minikube/profiles/minikube/client.crt: no such file or directory" logger="UnhandledError"
E1203 14:03:17.930158  149346 cert_rotation.go:171] "Unhandled Error" err="key failed with : open /root/.minikube/profiles/minikube/client.crt: no such file or directory" logger="UnhandledError"
E1203 14:03:18.574523  149346 cert_rotation.go:171] "Unhandled Error" err="key failed with : open /root/.minikube/profiles/minikube/client.crt: no such file or directory" logger="UnhandledError"
E1203 14:03:19.858433  149346 cert_rotation.go:171] "Unhandled Error" err="key failed with : open /root/.minikube/profiles/minikube/client.crt: no such file or directory" logger="UnhandledError"
E1203 14:03:22.420886  149346 cert_rotation.go:171] "Unhandled Error" err="key failed with : open /root/.minikube/profiles/minikube/client.crt: no such file or directory" logger="UnhandledError"
E1203 14:03:27.544371  149346 cert_rotation.go:171] "Unhandled Error" err="key failed with : open /root/.minikube/profiles/minikube/client.crt: no such file or directory" logger="UnhandledError"
E1203 14:03:37.787421  149346 cert_rotation.go:171] "Unhandled Error" err="key failed with : open /root/.minikube/profiles/minikube/client.crt: no such file or directory" logger="UnhandledError"
E1203 14:03:58.270436  149346 cert_rotation.go:171] "Unhandled Error" err="key failed with : open /root/.minikube/profiles/minikube/client.crt: no such file or directory" logger="UnhandledError"
E1203 14:04:39.237355  149346 cert_rotation.go:171] "Unhandled Error" err="key failed with : open /root/.minikube/profiles/minikube/client.crt: no such file or directory" logger="UnhandledError"
E1203 14:06:01.160086  149346 cert_rotation.go:171] "Unhandled Error" err="key failed with : open /root/.minikube/profiles/minikube/client.crt: no such file or directory" logger="UnhandledError"
E1203 14:08:17.268957  149346 cert_rotation.go:171] "Unhandled Error" err="key failed with : open /root/.minikube/profiles/minikube/client.crt: no such file or directory" logger="UnhandledError"
E1203 14:08:45.016016  149346 cert_rotation.go:171] "Unhandled Error" err="key failed with : open /root/.minikube/profiles/minikube/client.crt: no such file or directory" logger="UnhandledError"
